2025-01-09 16:30:35,414 - db_helper - INFO - fetch_expenses_for_date with 2024-08-01
2025-01-09 16:30:35,616 - db_helper - INFO - fetch_expense_summary  with start: 2024-08-01, end: 2024-08-05
2025-01-10 10:09:50,013 - db_helper - INFO - fetch_expenses_for_date with 2024-08-01
2025-01-10 10:09:54,524 - db_helper - INFO - fetch_expenses_for_date with 2024-08-02
2025-01-10 10:09:57,578 - db_helper - INFO - fetch_expenses_for_date with 2024-08-03
2025-01-10 10:09:57,622 - db_helper - INFO - fetch_expenses_for_date with 2024-08-03
2025-01-10 10:09:59,726 - db_helper - INFO - fetch_expenses_for_date with 2024-08-07
2025-01-10 10:10:13,284 - db_helper - INFO - fetch_expenses_for_date with 2024-08-07
2025-01-10 10:10:13,300 - db_helper - INFO - delete_expenses_for_date with 2024-08-07
2025-01-10 10:10:17,738 - db_helper - INFO - fetch_expenses_for_date with 2024-08-08
2025-01-10 10:10:20,281 - db_helper - INFO - fetch_expenses_for_date with 2024-08-09
2025-01-10 10:10:22,923 - db_helper - INFO - fetch_expenses_for_date with 2024-08-01
2025-01-10 10:10:24,873 - db_helper - INFO - fetch_expenses_for_date with 2024-08-08
2025-01-10 10:10:27,147 - db_helper - INFO - fetch_expenses_for_date with 2024-08-07
2025-01-10 10:10:29,828 - db_helper - INFO - fetch_expenses_for_date with 2024-08-02
2025-01-10 10:10:29,867 - db_helper - INFO - fetch_expenses_for_date with 2024-08-02
2025-01-10 10:10:31,567 - db_helper - INFO - fetch_expenses_for_date with 2024-08-03
2025-01-10 10:10:33,735 - db_helper - INFO - fetch_expenses_for_date with 2024-08-04
2025-01-10 10:10:35,344 - db_helper - INFO - fetch_expenses_for_date with 2024-08-05
2025-01-10 10:10:37,434 - db_helper - INFO - fetch_expenses_for_date with 2024-08-06
2025-01-10 10:10:39,072 - db_helper - INFO - fetch_expenses_for_date with 2024-08-07
2025-01-10 10:10:39,107 - db_helper - INFO - fetch_expenses_for_date with 2024-08-07
2025-01-10 10:11:37,390 - db_helper - INFO - fetch_expenses_for_date with 2024-08-01
2025-01-10 10:11:43,009 - db_helper - INFO - fetch_expenses_for_date with 2024-08-01
2025-01-10 10:11:43,028 - db_helper - INFO - delete_expenses_for_date with 2024-08-01
2025-01-10 10:11:45,085 - db_helper - INFO - fetch_expenses_for_date with 2024-08-02
2025-01-10 10:11:47,228 - db_helper - INFO - fetch_expenses_for_date with 2024-08-01
2025-01-10 10:11:50,117 - db_helper - INFO - fetch_expenses_for_date with 2024-08-03
2025-01-10 10:11:51,749 - db_helper - INFO - fetch_expenses_for_date with 2024-08-01
2025-01-10 10:13:12,805 - db_helper - INFO - fetch_expenses_for_date with 2024-08-01
2025-01-10 10:13:15,181 - db_helper - INFO - fetch_expenses_for_date with 2024-08-02
2025-01-10 10:13:17,778 - db_helper - INFO - fetch_expenses_for_date with 2024-08-08
2025-01-10 10:25:23,050 - db_helper - INFO - fetch_expenses_for_date called with 2024-08-01
2025-01-10 10:25:41,517 - db_helper - INFO - fetch_expenses_for_date called with 2024-08-02
2025-01-10 10:25:46,336 - db_helper - INFO - fetch_expenses_for_date called with 2024-08-07
2025-01-10 10:25:53,917 - db_helper - INFO - fetch_expenses_for_date called with 2024-08-07
2025-01-10 10:25:55,969 - db_helper - INFO - delete_expenses_for_date called with 2024-08-07
2025-01-10 10:25:55,984 - db_helper - INFO - insert_expense called with date: 2024-08-07, amount: 10.0, category: Food, notes: 
2025-01-10 10:26:01,718 - db_helper - INFO - fetch_expenses_for_date called with 2024-08-01
2025-01-10 10:26:05,835 - db_helper - INFO - fetch_expenses_for_date called with 2024-08-08
2025-01-10 10:26:09,560 - db_helper - INFO - fetch_expenses_for_date called with 2024-08-07
2025-01-10 10:38:47,148 - db_helper - INFO - fetch_expenses_for_date called with 2024-08-07
2025-01-10 10:38:49,166 - db_helper - INFO - fetch_expenses_for_date called with 2024-08-07
2025-01-10 10:38:51,079 - db_helper - INFO - fetch_expenses_for_date called with 2024-08-07
2025-01-10 10:38:53,044 - db_helper - INFO - fetch_expenses_for_date called with 2024-08-07
2025-01-10 10:38:55,119 - db_helper - INFO - fetch_expense_summary called with start: 2024-08-02 end: 2024-08-08
2025-01-10 10:38:56,151 - db_helper - INFO - fetch_expenses_for_date called with 2024-08-07
2025-01-10 10:38:58,198 - db_helper - INFO - fetch_expense_summary called with start: 2024-08-02 end: 2024-08-08
2025-01-10 10:38:59,954 - db_helper - INFO - fetch_expenses_for_date called with 2024-08-07
2025-01-10 10:39:02,046 - db_helper - INFO - fetch_expense_summary called with start: 2024-08-02 end: 2024-08-08
2025-01-10 11:17:48,859 - db_helper - INFO - fetch_expenses_for_date called with 2024-08-01
2025-01-10 11:17:54,887 - db_helper - INFO - fetch_expenses_for_date called with 2024-08-01
2025-01-10 11:17:56,957 - db_helper - INFO - fetch_expense_summary called with start: 2024-08-01 end: 2024-08-05
2025-01-10 11:23:24,637 - db_helper - INFO - fetch_expenses_for_date called with 2024-08-02
2025-01-10 11:23:28,828 - db_helper - INFO - fetch_expenses_for_date called with 2024-08-01
2025-01-10 11:23:34,915 - db_helper - INFO - fetch_expenses_for_date called with 2024-08-01
2025-01-10 11:23:36,985 - db_helper - INFO - fetch_expense_summary called with start: 2024-08-01 end: 2024-08-05
2025-01-10 11:24:01,888 - db_helper - INFO - fetch_expenses_for_date called with 2024-08-01
2025-01-10 11:24:03,953 - db_helper - INFO - delete_expenses_for_date called with 2024-08-01
2025-01-10 11:24:03,969 - db_helper - INFO - insert_expense called with date: 2024-08-01, amount: 25.0, category: Shopping, notes: New clothes
2025-01-10 11:24:09,253 - db_helper - INFO - fetch_expenses_for_date called with 2024-08-01
2025-01-10 11:24:11,318 - db_helper - INFO - fetch_expense_summary called with start: 2024-08-01 end: 2024-08-05
2025-01-10 11:29:29,733 - db_helper - INFO - fetch_expenses_for_date called with 2024-08-01
2025-01-10 11:29:39,149 - db_helper - INFO - fetch_expenses_for_date called with 2024-08-01
2025-01-10 11:31:34,131 - db_helper - INFO - fetch_expenses_for_date called with 2024-08-01
2025-01-10 11:54:25,481 - db_helper - INFO - fetch_expenses_for_date called with 2024-08-01
2025-01-10 12:00:41,015 - db_helper - INFO - fetch_expenses_for_date called with 2024-08-01
2025-01-10 12:00:43,073 - db_helper - INFO - fetch_expense_summary_by_month called
2025-01-10 12:01:43,029 - db_helper - INFO - fetch_expenses_for_date called with 2024-08-01
2025-01-10 12:01:45,101 - db_helper - INFO - fetch_expense_summary_by_month called
2025-01-10 12:02:08,622 - db_helper - INFO - fetch_expenses_for_date called with 2024-08-01
2025-01-10 12:02:10,689 - db_helper - INFO - fetch_expense_summary_by_month called
2025-01-10 12:02:11,753 - db_helper - INFO - fetch_expenses_for_date called with 2024-08-01
2025-01-10 12:02:13,820 - db_helper - INFO - fetch_expense_summary_by_category called with start: 2024-08-01 end: 2024-08-05
2025-01-10 12:02:15,883 - db_helper - INFO - fetch_expense_summary_by_month called
2025-01-10 12:04:10,043 - db_helper - INFO - fetch_expenses_for_date called with 2024-08-01
2025-01-10 12:04:12,112 - db_helper - INFO - fetch_expense_summary_by_month called
2025-01-10 12:04:26,542 - db_helper - INFO - fetch_expenses_for_date called with 2024-08-01
2025-01-10 12:04:28,598 - db_helper - INFO - fetch_expense_summary_by_month called
2025-01-10 12:05:29,085 - db_helper - INFO - fetch_expenses_for_date called with 2024-08-01
2025-01-10 12:05:31,152 - db_helper - INFO - fetch_expense_summary_by_month called
2025-01-10 12:08:28,975 - db_helper - INFO - fetch_expenses_for_date called with 2024-08-01
2025-01-10 12:08:31,044 - db_helper - INFO - fetch_expense_summary_by_month called
2025-01-10 12:09:20,776 - db_helper - INFO - fetch_expenses_for_date called with 2024-08-01
2025-01-10 12:09:22,844 - db_helper - INFO - fetch_expense_summary_by_month called
2025-01-10 12:09:53,446 - db_helper - INFO - fetch_expenses_for_date called with 2024-08-01
2025-01-10 12:09:55,516 - db_helper - INFO - fetch_expense_summary_by_month called
2025-01-10 12:10:06,262 - db_helper - INFO - fetch_expenses_for_date called with 2024-08-01
2025-01-10 12:10:08,334 - db_helper - INFO - fetch_expense_summary_by_month called
2025-01-10 12:11:02,770 - db_helper - INFO - fetch_expenses_for_date called with 2024-08-01
2025-01-10 12:11:04,834 - db_helper - INFO - fetch_expense_summary_by_month called
2025-01-10 12:12:25,336 - db_helper - INFO - fetch_expenses_for_date called with 2024-08-01
2025-01-10 12:12:27,407 - db_helper - INFO - fetch_expense_summary_by_month called
2025-01-10 12:12:38,342 - db_helper - INFO - fetch_expenses_for_date called with 2024-08-01
2025-01-10 12:12:40,413 - db_helper - INFO - fetch_expense_summary_by_month called
2025-01-10 12:12:54,665 - db_helper - INFO - fetch_expenses_for_date called with 2024-08-01
2025-01-10 12:12:56,716 - db_helper - INFO - fetch_expense_summary_by_month called
